<?xml version="1.0" encoding="UTF-8"?>
<testng-results ignored="0" total="2" passed="2" failed="0" skipped="0">
  <reporter-output>
  </reporter-output>
  <suite started-at="2022-11-02T01:46:34 PKT" name="Suite" finished-at="2022-11-02T01:47:02 PKT" duration-ms="27857">
    <groups>
    </groups>
    <test started-at="2022-11-02T01:46:34 PKT" name="Test" finished-at="2022-11-02T01:47:02 PKT" duration-ms="27857">
      <class name="TCPackage_1.TC_1">
        <test-method is-config="true" signature="setUp()[pri:0, instance:TCPackage_1.TC_1@6bd61f98]" started-at="2022-11-02T01:46:34 PKT" name="setUp" finished-at="2022-11-02T01:46:46 PKT" duration-ms="12552" status="PASS">
          <reporter-output>
          </reporter-output>
        </test-method> <!-- setUp -->
        <test-method signature="verifyTitle()[pri:0, instance:TCPackage_1.TC_1@6bd61f98]" started-at="2022-11-02T01:46:46 PKT" name="verifyTitle" finished-at="2022-11-02T01:46:48 PKT" duration-ms="1103" status="PASS">
          <reporter-output>
          </reporter-output>
        </test-method> <!-- verifyTitle -->
        <test-method is-config="true" signature="tearDown()[pri:0, instance:TCPackage_1.TC_1@6bd61f98]" started-at="2022-11-02T01:46:48 PKT" name="tearDown" finished-at="2022-11-02T01:46:49 PKT" duration-ms="1419" status="PASS">
          <reporter-output>
          </reporter-output>
        </test-method> <!-- tearDown -->
        <test-method is-config="true" signature="setUp()[pri:0, instance:TCPackage_1.TC_1@6bd61f98]" started-at="2022-11-02T01:46:49 PKT" name="setUp" finished-at="2022-11-02T01:47:01 PKT" duration-ms="11688" status="PASS">
          <reporter-output>
          </reporter-output>
        </test-method> <!-- setUp -->
        <test-method signature="verifylogo()[pri:0, instance:TCPackage_1.TC_1@6bd61f98]" started-at="2022-11-02T01:47:01 PKT" name="verifylogo" finished-at="2022-11-02T01:47:01 PKT" duration-ms="345" status="PASS">
          <reporter-output>
          </reporter-output>
        </test-method> <!-- verifylogo -->
        <test-method is-config="true" signature="tearDown()[pri:0, instance:TCPackage_1.TC_1@6bd61f98]" started-at="2022-11-02T01:47:01 PKT" name="tearDown" finished-at="2022-11-02T01:47:02 PKT" duration-ms="694" status="PASS">
          <reporter-output>
          </reporter-output>
        </test-method> <!-- tearDown -->
      </class> <!-- TCPackage_1.TC_1 -->
    </test> <!-- Test -->
  </suite> <!-- Suite -->
</testng-results>
